TN:
SF:src\entities\CalendarManager.ts
FN:5,<instance_members_initializer>
FN:4,CalendarManager
FN:9,getDaysInYear
FN:24,getDaysInCurrentYear
FN:52,getDate
FN:68,getDateFromPositiveOffset
FN:109,getDateFromNegativeOffset
FN:152,printDate
FNF:8
FNH:8
FNDA:15,<instance_members_initializer>
FNDA:15,CalendarManager
FNDA:6641,getDaysInYear
FNDA:11,getDaysInCurrentYear
FNDA:22,getDate
FNDA:14,getDateFromPositiveOffset
FNDA:8,getDateFromNegativeOffset
FNDA:2,printDate
DA:1,1
DA:2,1
DA:3,1
DA:4,1
DA:5,15
DA:6,15
DA:7,15
DA:8,1
DA:9,1
DA:10,6641
DA:11,6641
DA:12,6641
DA:13,6641
DA:14,6641
DA:15,84960
DA:16,84960
DA:17,84960
DA:18,84960
DA:19,84960
DA:20,84960
DA:21,6641
DA:22,6641
DA:23,1
DA:24,1
DA:25,11
DA:26,11
DA:27,11
DA:28,11
DA:29,11
DA:30,11
DA:31,11
DA:32,11
DA:33,11
DA:34,11
DA:35,11
DA:36,11
DA:37,11
DA:38,53
DA:39,53
DA:40,53
DA:41,11
DA:42,11
DA:43,11
DA:44,53
DA:45,53
DA:46,53
DA:47,53
DA:48,11
DA:49,11
DA:50,11
DA:51,1
DA:52,1
DA:53,22
DA:54,22
DA:55,22
DA:56,22
DA:57,22
DA:58,14
DA:59,14
DA:60,14
DA:61,14
DA:62,14
DA:63,14
DA:64,14
DA:65,14
DA:66,14
DA:67,1
DA:68,1
DA:69,14
DA:70,14
DA:71,14
DA:72,14
DA:73,14
DA:74,14
DA:75,14
DA:76,3322
DA:77,3322
DA:78,3322
DA:79,3322
DA:80,3322
DA:81,3322
DA:82,3322
DA:83,3322
DA:84,14
DA:85,14
DA:86,53
DA:87,53
DA:88,53
DA:89,53
DA:90,53
DA:91,53
DA:92,53
DA:93,53
DA:94,53
DA:95,53
DA:96,14
DA:97,14
DA:98,14
DA:99,14
DA:100,14
DA:101,14
DA:102,39
DA:103,39
DA:104,39
DA:105,14
DA:106,14
DA:107,14
DA:108,1
DA:109,1
DA:110,8
DA:111,8
DA:112,8
DA:113,8
DA:114,8
DA:115,8
DA:116,8
DA:117,28
DA:118,28
DA:119,28
DA:120,28
DA:121,28
DA:122,28
DA:123,28
DA:124,28
DA:125,8
DA:126,8
DA:127,8
DA:128,8
DA:129,20
DA:130,20
DA:131,20
DA:132,20
DA:133,20
DA:134,20
DA:135,20
DA:136,20
DA:137,20
DA:138,20
DA:139,8
DA:140,8
DA:141,8
DA:142,8
DA:143,8
DA:144,8
DA:145,20
DA:146,20
DA:147,20
DA:148,8
DA:149,8
DA:150,8
DA:151,1
DA:152,1
DA:153,2
DA:154,2
DA:155,1
DA:156,1
DA:157,1
LF:157
LH:157
BRDA:5,0,0,15
BRDA:4,1,0,15
BRDA:9,2,0,6641
BRDA:11,3,0,5303
BRDA:12,4,0,1338
BRDA:14,5,0,84960
BRDA:18,6,0,5324
BRDA:18,7,0,1324
BRDA:24,8,0,11
BRDA:31,9,0,6
BRDA:32,10,0,5
BRDA:37,11,0,53
BRDA:40,12,0,11
BRDA:46,13,0,3
BRDA:46,14,0,1
BRDA:52,15,0,22
BRDA:57,16,0,14
BRDA:68,17,0,14
BRDA:75,18,0,3322
BRDA:78,19,0,14
BRDA:85,20,0,53
BRDA:89,21,0,25
BRDA:90,22,0,28
BRDA:93,23,0,4
BRDA:93,24,0,1
BRDA:93,25,0,52
BRDA:95,26,0,14
BRDA:102,27,0,39
BRDA:109,28,0,8
BRDA:116,29,0,28
BRDA:119,30,0,8
BRDA:128,31,0,20
BRDA:132,32,0,12
BRDA:133,33,0,8
BRDA:136,34,0,0
BRDA:136,35,0,0
BRDA:138,36,0,8
BRDA:152,37,0,2
BRF:38
BRH:36
end_of_record
