TN:
SF:src\constants\calendars.ts
FNF:0
FNH:0
DA:1,1
DA:2,1
DA:3,1
DA:4,1
DA:5,1
DA:6,1
DA:7,1
DA:8,1
DA:9,1
DA:10,1
DA:11,1
DA:12,1
DA:13,1
DA:14,1
DA:15,1
DA:16,1
DA:17,1
DA:18,1
DA:19,1
DA:20,1
DA:21,1
DA:22,1
DA:23,1
DA:24,1
DA:25,1
DA:26,1
DA:27,1
DA:28,1
DA:29,1
DA:30,1
DA:31,1
DA:32,1
DA:33,1
DA:34,1
DA:35,1
DA:36,1
DA:37,1
DA:38,1
DA:39,1
DA:40,1
DA:41,1
DA:42,1
DA:43,1
LF:43
LH:43
BRF:0
BRH:0
end_of_record
TN:
SF:src\entities\GithCalendarManager.ts
FN:9,GithCalendarManager
FN:13,convert
FN:18,getDaysSinceReferenceYear
FN:32,getDateFromTheikonCalendar
FNF:4
FNH:4
FNDA:4,GithCalendarManager
FNDA:3,convert
FNDA:3,getDaysSinceReferenceYear
FNDA:3,getDateFromTheikonCalendar
DA:1,1
DA:2,1
DA:3,1
DA:4,1
DA:5,1
DA:6,1
DA:7,1
DA:8,1
DA:9,1
DA:10,4
DA:11,4
DA:12,1
DA:13,1
DA:14,3
DA:15,3
DA:16,3
DA:17,1
DA:18,1
DA:19,3
DA:20,3
DA:21,3
DA:22,3
DA:23,3
DA:24,3
DA:25,2631
DA:26,2631
DA:27,3
DA:28,3
DA:29,3
DA:30,3
DA:31,1
DA:32,1
DA:33,3
DA:34,3
DA:35,3
DA:36,3
DA:37,3
DA:38,3
DA:39,1
LF:39
LH:39
BRDA:9,0,0,4
BRDA:13,1,0,3
BRDA:18,2,0,3
BRDA:24,3,0,2631
BRDA:32,4,0,3
BRF:5
BRH:5
end_of_record
TN:
SF:src\entities\TheikonCalendarManager.ts
FN:7,TheikonCalendarManager
FN:11,convert
FN:16,getDaysSinceReferenceYear
FN:30,getDateFromGithCalendar
FNF:4
FNH:4
FNDA:4,TheikonCalendarManager
FNDA:3,convert
FNDA:3,getDaysSinceReferenceYear
FNDA:3,getDateFromGithCalendar
DA:1,1
DA:2,1
DA:3,1
DA:4,1
DA:5,1
DA:6,1
DA:7,1
DA:8,4
DA:9,4
DA:10,1
DA:11,1
DA:12,3
DA:13,3
DA:14,3
DA:15,1
DA:16,1
DA:17,3
DA:18,3
DA:19,3
DA:20,3
DA:21,3
DA:22,3
DA:23,657
DA:24,657
DA:25,3
DA:26,3
DA:27,3
DA:28,3
DA:29,1
DA:30,1
DA:31,3
DA:32,3
DA:33,3
DA:34,3
DA:35,3
DA:36,3
DA:37,1
LF:37
LH:37
BRDA:7,0,0,4
BRDA:11,1,0,3
BRDA:16,2,0,3
BRDA:22,3,0,657
BRDA:30,4,0,3
BRF:5
BRH:5
end_of_record
